ordering of cells: row by row
===
making DIMACS for domain size 7
computing a canonizing set
10 permutations in the canonizing set
20 permutations in the canonizing set
30 permutations in the canonizing set
40 permutations in the canonizing set
50 permutations in the canonizing set
60 permutations in the canonizing set
70 permutations in the canonizing set
80 permutations in the canonizing set
90 permutations in the canonizing set
100 permutations in the canonizing set
110 permutations in the canonizing set
120 permutations in the canonizing set
130 permutations in the canonizing set
140 permutations in the canonizing set
150 permutations in the canonizing set
160 permutations in the canonizing set
170 permutations in the canonizing set
180 permutations in the canonizing set
188 permutations in the cononizing set before reduction
canonizing set took: 5 minutes 6.6446 seconds
reducing the canonizing set
size of the reduced canonizing set: 173 (7! = 5040)
reduction took: 50.4010 seconds
minimality:
minimality took: 1.4204 seconds
creating DIMACS:
DIMACS took: 6.1046 seconds
total time: 6 minutes 8.5006 seconds
