ordering of cells: row by row
===
making DIMACS for domain size 5
computing a canonizing set
10 permutations in the canonizing set
20 permutations in the canonizing set
30 permutations in the canonizing set
40 permutations in the canonizing set
50 permutations in the canonizing set
60 permutations in the canonizing set
70 permutations in the canonizing set
80 permutations in the canonizing set
90 permutations in the canonizing set
100 permutations in the canonizing set
110 permutations in the canonizing set
119 permutations in the cononizing set before reduction
canonizing set took: 1 minute 0.5182 seconds
reducing the canonizing set
size of the reduced canonizing set: 119 (5! = 120)
reduction took: 1.7076 seconds
minimality:
minimality took: 0.1944 seconds
creating DIMACS:
DIMACS took: 0.7560 seconds
total time: 1 minute 3.1875 seconds
