ordering of cells: row by row
===
making DIMACS for domain size 7
computing a canonizing set
10 permutations in the canonizing set
20 permutations in the canonizing set
30 permutations in the canonizing set
40 permutations in the canonizing set
50 permutations in the canonizing set
60 permutations in the canonizing set
70 permutations in the canonizing set
80 permutations in the canonizing set
90 permutations in the canonizing set
100 permutations in the canonizing set
110 permutations in the canonizing set
114 permutations in the cononizing set before reduction
canonizing set took: 1 minute 38.6437 seconds
reducing the canonizing set
size of the reduced canonizing set: 81 (7! = 5040)
reduction took: 16.9437 seconds
minimality:
minimality took: 0.6424 seconds
creating DIMACS:
DIMACS took: 2.6440 seconds
total time: 1 minute 59.1871 seconds
