ordering of cells: row by row
===
making DIMACS for domain size 10
computing a canonizing set
10 permutations in the canonizing set
20 permutations in the canonizing set
30 permutations in the canonizing set
40 permutations in the canonizing set
50 permutations in the canonizing set
60 permutations in the canonizing set
70 permutations in the canonizing set
76 permutations in the cononizing set before reduction
canonizing set took: 2 minutes 59.9160 seconds
reducing the canonizing set
size of the reduced canonizing set: 18 (10! = 3628800)
reduction took: 20.3854 seconds
minimality:
minimality took: 1.0168 seconds
creating DIMACS:
DIMACS took: 2.7610 seconds
total time: 3 minutes 25.7815 seconds
