ordering of cells: row by row
===
making DIMACS for domain size 5
computing a canonizing set
10 permutations in the canonizing set
20 permutations in the canonizing set
30 permutations in the canonizing set
40 permutations in the canonizing set
50 permutations in the canonizing set
60 permutations in the canonizing set
70 permutations in the canonizing set
80 permutations in the canonizing set
83 permutations in the cononizing set before reduction
canonizing set took: 11.7489 seconds
reducing the canonizing set
size of the reduced canonizing set: 72 (5! = 120)
reduction took: 2.9643 seconds
minimality:
minimality took: 0.2249 seconds
creating DIMACS:
DIMACS took: 0.8052 seconds
total time: 15.7672 seconds
