ordering of cells: row by row
===
making DIMACS for domain size 6
computing a canonizing set
10 permutations in the canonizing set
20 permutations in the canonizing set
30 permutations in the canonizing set
40 permutations in the canonizing set
50 permutations in the canonizing set
60 permutations in the canonizing set
70 permutations in the canonizing set
80 permutations in the canonizing set
90 permutations in the canonizing set
100 permutations in the canonizing set
110 permutations in the canonizing set
113 permutations in the cononizing set before reduction
canonizing set took: 38.8426 seconds
reducing the canonizing set
size of the reduced canonizing set: 78 (6! = 720)
reduction took: 6.9622 seconds
minimality:
minimality took: 0.5287 seconds
creating DIMACS:
DIMACS took: 1.7986 seconds
total time: 48.1632 seconds
