ordering of cells: row by row
===
making DIMACS for domain size 7
computing a canonizing set
10 permutations in the canonizing set
20 permutations in the canonizing set
30 permutations in the canonizing set
40 permutations in the canonizing set
50 permutations in the canonizing set
60 permutations in the canonizing set
67 permutations in the cononizing set before reduction
canonizing set took: 58.1959 seconds
reducing the canonizing set
size of the reduced canonizing set: 51 (7! = 5040)
reduction took: 9.6881 seconds
minimality:
minimality took: 0.6158 seconds
creating DIMACS:
DIMACS took: 1.6819 seconds
total time: 1 minute 10.3630 seconds
