ordering of cells: row by row
===
making DIMACS for domain size 6
computing a canonizing set
10 permutations in the canonizing set
20 permutations in the canonizing set
30 permutations in the canonizing set
40 permutations in the canonizing set
50 permutations in the canonizing set
60 permutations in the canonizing set
70 permutations in the canonizing set
80 permutations in the canonizing set
82 permutations in the cononizing set before reduction
canonizing set took: 56.0006 seconds
reducing the canonizing set
size of the reduced canonizing set: 62 (6! = 720)
reduction took: 6.3778 seconds
minimality:
minimality took: 0.2366 seconds
creating DIMACS:
DIMACS took: 0.8564 seconds
total time: 1 minute 3.5491 seconds
